# JRE version: OpenJDK Runtime Environment Corretto-17.0.6.10.1 (17.0.6+10) (build 17.0.6+10-LTS)
# Java VM: OpenJDK 64-Bit Server VM Corretto-17.0.6.10.1 (17.0.6+10-LTS, mixed mode, sharing, tiered, compressed oops, compressed class ptrs, g1 gc, windows-amd64)
GC Precious Log:
 CPUs: 8 total, 8 available
 Memory: 8011M
 Large Page Support: Disabled
 NUMA Support: Disabled
 Compressed Oops: Enabled (32-bit)
 Heap Region Size: 1M
 Heap Min Capacity: 256M
 Heap Initial Capacity: 256M
 Heap Max Capacity: 512M
 Pre-touch: Disabled
 Parallel Workers: 8
 Concurrent Workers: 2
 Concurrent Refinement Workers: 8
 Periodic GC: Disabled
Heap:
 garbage-first heap   total 262144K, used 66630K [0x00000000e0000000, 0x0000000100000000)
  region size 1024K, 24 young (24576K), 15 survivors (15360K)
 Metaspace       used 54006K, committed 54656K, reserved 262144K
  class space    used 7713K, committed 8000K, reserved 212992K
GC Heap History (12 events):
Event: 0.658 GC heap before
{Heap before GC invocations=0 (full 0):
 garbage-first heap   total 262144K, used 25600K [0x00000000e0000000, 0x0000000100000000)
  region size 1024K, 23 young (23552K), 0 survivors (0K)
 Metaspace       used 2991K, committed 3136K, reserved 221184K
  class space    used 379K, committed 448K, reserved 212992K
}
Event: 0.661 GC heap after
{Heap after GC invocations=1 (full 0):
 garbage-first heap   total 262144K, used 9423K [0x00000000e0000000, 0x0000000100000000)
  region size 1024K, 3 young (3072K), 3 survivors (3072K)
 Metaspace       used 2991K, committed 3136K, reserved 221184K
  class space    used 379K, committed 448K, reserved 212992K
}
Event: 1.230 GC heap before
{Heap before GC invocations=1 (full 0):
 garbage-first heap   total 262144K, used 39119K [0x00000000e0000000, 0x0000000100000000)
  region size 1024K, 32 young (32768K), 3 survivors (3072K)
 Metaspace       used 3926K, committed 4096K, reserved 221184K
  class space    used 476K, committed 576K, reserved 212992K
}
Event: 1.236 GC heap after
{Heap after GC invocations=2 (full 0):
 garbage-first heap   total 262144K, used 13256K [0x00000000e0000000, 0x0000000100000000)
  region size 1024K, 4 young (4096K), 4 survivors (4096K)
 Metaspace       used 3926K, committed 4096K, reserved 221184K
  class space    used 476K, committed 576K, reserved 212992K
}
Event: 3.431 GC heap before
{Heap before GC invocations=2 (full 0):
 garbage-first heap   total 262144K, used 114632K [0x00000000e0000000, 0x0000000100000000)
  region size 1024K, 104 young (106496K), 4 survivors (4096K)
 Metaspace       used 21196K, committed 21504K, reserved 237568K
  class space    used 3177K, committed 3328K, reserved 212992K
}
Event: 3.439 GC heap after
{Heap after GC invocations=3 (full 0):
 garbage-first heap   total 262144K, used 21101K [0x00000000e0000000, 0x0000000100000000)
  region size 1024K, 12 young (12288K), 12 survivors (12288K)
 Metaspace       used 21196K, committed 21504K, reserved 237568K
  class space    used 3177K, committed 3328K, reserved 212992K
}
Event: 5.373 GC heap before
{Heap before GC invocations=4 (full 0):
 garbage-first heap   total 262144K, used 124525K [0x00000000e0000000, 0x0000000100000000)
  region size 1024K, 111 young (113664K), 12 survivors (12288K)
 Metaspace       used 35548K, committed 35968K, reserved 245760K
  class space    used 4891K, committed 5120K, reserved 212992K
}
Event: 5.385 GC heap after
{Heap after GC invocations=5 (full 0):
 garbage-first heap   total 262144K, used 31254K [0x00000000e0000000, 0x0000000100000000)
  region size 1024K, 17 young (17408K), 17 survivors (17408K)
 Metaspace       used 35548K, committed 35968K, reserved 245760K
  class space    used 4891K, committed 5120K, reserved 212992K
}
Event: 7.596 GC heap before
{Heap before GC invocations=6 (full 0):
 garbage-first heap   total 262144K, used 170518K [0x00000000e0000000, 0x0000000100000000)
  region size 1024K, 153 young (156672K), 17 survivors (17408K)
 Metaspace       used 46230K, committed 46720K, reserved 253952K
  class space    used 6469K, committed 6720K, reserved 212992K
}
Event: 7.621 GC heap after
{Heap after GC invocations=7 (full 0):
 garbage-first heap   total 262144K, used 42909K [0x00000000e0000000, 0x0000000100000000)
  region size 1024K, 20 young (20480K), 20 survivors (20480K)
 Metaspace       used 46230K, committed 46720K, reserved 253952K
  class space    used 6469K, committed 6720K, reserved 212992K
}
Event: 10.088 GC heap before
{Heap before GC invocations=7 (full 0):
 garbage-first heap   total 262144K, used 178077K [0x00000000e0000000, 0x0000000100000000)
  region size 1024K, 153 young (156672K), 20 survivors (20480K)
 Metaspace       used 53540K, committed 54272K, reserved 262144K
  class space    used 7650K, committed 8000K, reserved 212992K
}
Event: 10.123 GC heap after
{Heap after GC invocations=8 (full 0):
 garbage-first heap   total 262144K, used 58438K [0x00000000e0000000, 0x0000000100000000)
  region size 1024K, 15 young (15360K), 15 survivors (15360K)
 Metaspace       used 53540K, committed 54272K, reserved 262144K
  class space    used 7650K, committed 8000K, reserved 212992K
}

