# JRE version: OpenJDK Runtime Environment Corretto-17.0.6.10.1 (17.0.6+10) (build 17.0.6+10-LTS)
# Java VM: OpenJDK 64-Bit Server VM Corretto-17.0.6.10.1 (17.0.6+10-LTS, mixed mode, sharing, tiered, compressed oops, compressed class ptrs, g1 gc, windows-amd64)
GC Precious Log:
 CPUs: 8 total, 8 available
 Memory: 8011M
 Large Page Support: Disabled
 NUMA Support: Disabled
 Compressed Oops: Enabled (32-bit)
 Heap Region Size: 1M
 Heap Min Capacity: 256M
 Heap Initial Capacity: 256M
 Heap Max Capacity: 512M
 Pre-touch: Disabled
 Parallel Workers: 8
 Concurrent Workers: 2
 Concurrent Refinement Workers: 8
 Periodic GC: Disabled
Heap:
 garbage-first heap   total 262144K, used 147920K [0x00000000e0000000, 0x0000000100000000)
  region size 1024K, 66 young (67584K), 15 survivors (15360K)
 Metaspace       used 66528K, committed 67520K, reserved 278528K
  class space    used 9141K, committed 9600K, reserved 212992K
GC Heap History (20 events):
Event: 4.280 GC heap before
{Heap before GC invocations=4 (full 0):
 garbage-first heap   total 262144K, used 136594K [0x00000000e0000000, 0x0000000100000000)
  region size 1024K, 123 young (125952K), 12 survivors (12288K)
 Metaspace       used 34442K, committed 34816K, reserved 245760K
  class space    used 4836K, committed 4992K, reserved 212992K
}
Event: 4.292 GC heap after
{Heap after GC invocations=5 (full 0):
 garbage-first heap   total 262144K, used 30568K [0x00000000e0000000, 0x0000000100000000)
  region size 1024K, 10 young (10240K), 10 survivors (10240K)
 Metaspace       used 34442K, committed 34816K, reserved 245760K
  class space    used 4836K, committed 4992K, reserved 212992K
}
Event: 4.780 GC heap before
{Heap before GC invocations=5 (full 0):
 garbage-first heap   total 262144K, used 177000K [0x00000000e0000000, 0x0000000100000000)
  region size 1024K, 153 young (156672K), 10 survivors (10240K)
 Metaspace       used 34573K, committed 34944K, reserved 245760K
  class space    used 4836K, committed 4992K, reserved 212992K
}
Event: 4.794 GC heap after
{Heap after GC invocations=6 (full 0):
 garbage-first heap   total 262144K, used 37626K [0x00000000e0000000, 0x0000000100000000)
  region size 1024K, 17 young (17408K), 17 survivors (17408K)
 Metaspace       used 34573K, committed 34944K, reserved 245760K
  class space    used 4836K, committed 4992K, reserved 212992K
}
Event: 5.198 GC heap before
{Heap before GC invocations=6 (full 0):
 garbage-first heap   total 262144K, used 149242K [0x00000000e0000000, 0x0000000100000000)
  region size 1024K, 126 young (129024K), 17 survivors (17408K)
 Metaspace       used 35626K, committed 35968K, reserved 245760K
  class space    used 4955K, committed 5120K, reserved 212992K
}
Event: 5.211 GC heap after
{Heap after GC invocations=7 (full 0):
 garbage-first heap   total 262144K, used 42899K [0x00000000e0000000, 0x0000000100000000)
  region size 1024K, 13 young (13312K), 13 survivors (13312K)
 Metaspace       used 35626K, committed 35968K, reserved 245760K
  class space    used 4955K, committed 5120K, reserved 212992K
}
Event: 7.151 GC heap before
{Heap before GC invocations=8 (full 0):
 garbage-first heap   total 262144K, used 186259K [0x00000000e0000000, 0x0000000100000000)
  region size 1024K, 153 young (156672K), 13 survivors (13312K)
 Metaspace       used 48597K, committed 49088K, reserved 262144K
  class space    used 6664K, committed 6912K, reserved 212992K
}
Event: 7.165 GC heap after
{Heap after GC invocations=9 (full 0):
 garbage-first heap   total 262144K, used 54022K [0x00000000e0000000, 0x0000000100000000)
  region size 1024K, 17 young (17408K), 17 survivors (17408K)
 Metaspace       used 48597K, committed 49088K, reserved 262144K
  class space    used 6664K, committed 6912K, reserved 212992K
}
Event: 7.172 GC heap before
{Heap before GC invocations=9 (full 0):
 garbage-first heap   total 262144K, used 55046K [0x00000000e0000000, 0x0000000100000000)
  region size 1024K, 18 young (18432K), 17 survivors (17408K)
 Metaspace       used 48601K, committed 49088K, reserved 262144K
  class space    used 6664K, committed 6912K, reserved 212992K
}
Event: 7.184 GC heap after
{Heap after GC invocations=10 (full 0):
 garbage-first heap   total 262144K, used 55995K [0x00000000e0000000, 0x0000000100000000)
  region size 1024K, 3 young (3072K), 3 survivors (3072K)
 Metaspace       used 48601K, committed 49088K, reserved 262144K
  class space    used 6664K, committed 6912K, reserved 212992K
}
Event: 8.685 GC heap before
{Heap before GC invocations=10 (full 0):
 garbage-first heap   total 262144K, used 202427K [0x00000000e0000000, 0x0000000100000000)
  region size 1024K, 146 young (149504K), 3 survivors (3072K)
 Metaspace       used 56147K, committed 56768K, reserved 262144K
  class space    used 7777K, committed 8064K, reserved 212992K
}
Event: 8.695 GC heap after
{Heap after GC invocations=11 (full 0):
 garbage-first heap   total 262144K, used 68758K [0x00000000e0000000, 0x0000000100000000)
  region size 1024K, 16 young (16384K), 16 survivors (16384K)
 Metaspace       used 56147K, committed 56768K, reserved 262144K
  class space    used 7777K, committed 8064K, reserved 212992K
}
Event: 9.339 GC heap before
{Heap before GC invocations=11 (full 0):
 garbage-first heap   total 262144K, used 132246K [0x00000000e0000000, 0x0000000100000000)
  region size 1024K, 79 young (80896K), 16 survivors (16384K)
 Metaspace       used 59379K, committed 60096K, reserved 270336K
  class space    used 8357K, committed 8704K, reserved 212992K
}
Event: 9.352 GC heap after
{Heap after GC invocations=12 (full 0):
 garbage-first heap   total 262144K, used 76800K [0x00000000e0000000, 0x0000000100000000)
  region size 1024K, 8 young (8192K), 8 survivors (8192K)
 Metaspace       used 59379K, committed 60096K, reserved 270336K
  class space    used 8357K, committed 8704K, reserved 212992K
}
Event: 10.522 GC heap before
{Heap before GC invocations=13 (full 0):
 garbage-first heap   total 262144K, used 202752K [0x00000000e0000000, 0x0000000100000000)
  region size 1024K, 132 young (135168K), 8 survivors (8192K)
 Metaspace       used 62407K, committed 63168K, reserved 270336K
  class space    used 8693K, committed 9024K, reserved 212992K
}
Event: 10.530 GC heap after
{Heap after GC invocations=14 (full 0):
 garbage-first heap   total 262144K, used 83144K [0x00000000e0000000, 0x0000000100000000)
  region size 1024K, 15 young (15360K), 15 survivors (15360K)
 Metaspace       used 62407K, committed 63168K, reserved 270336K
  class space    used 8693K, committed 9024K, reserved 212992K
}
Event: 137.044 GC heap before
{Heap before GC invocations=15 (full 0):
 garbage-first heap   total 262144K, used 205000K [0x00000000e0000000, 0x0000000100000000)
  region size 1024K, 135 young (138240K), 15 survivors (15360K)
 Metaspace       used 65687K, committed 66624K, reserved 278528K
  class space    used 9088K, committed 9536K, reserved 212992K
}
Event: 137.064 GC heap after
{Heap after GC invocations=16 (full 0):
 garbage-first heap   total 262144K, used 90185K [0x00000000e0000000, 0x0000000100000000)
  region size 1024K, 14 young (14336K), 14 survivors (14336K)
 Metaspace       used 65687K, committed 66624K, reserved 278528K
  class space    used 9088K, committed 9536K, reserved 212992K
}
Event: 137.866 GC heap before
{Heap before GC invocations=16 (full 0):
 garbage-first heap   total 262144K, used 206921K [0x00000000e0000000, 0x0000000100000000)
  region size 1024K, 129 young (132096K), 14 survivors (14336K)
 Metaspace       used 66123K, committed 67072K, reserved 278528K
  class space    used 9095K, committed 9536K, reserved 212992K
}
Event: 137.880 GC heap after
{Heap after GC invocations=17 (full 0):
 garbage-first heap   total 262144K, used 97744K [0x00000000e0000000, 0x0000000100000000)
  region size 1024K, 15 young (15360K), 15 survivors (15360K)
 Metaspace       used 66123K, committed 67072K, reserved 278528K
  class space    used 9095K, committed 9536K, reserved 212992K
}

